[05Jul2025 00:00:21.015] [Server thread/INFO] [net.minecraft.server.MinecraftServer/]: Futuuuro has made the advancement [Chest Slayer]
[05Jul2025 00:02:21.555] [Worker-Main-8/WARN] [net.minecraft.server.level.WorldGenRegion/]: Tried to access a block entity before it was created. BlockPos{x=848, y=-18, z=-656}
[05Jul2025 00:04:58.865] [Server thread/INFO] [net.minecraft.server.MinecraftServer/]: Teleported JOA_KINGSITO7 to Futuuuro
[05Jul2025 00:06:18.062] [Server thread/WARN] [tombstone/]: The death event of the player Futuuuro was canceled by another mod
[05Jul2025 00:06:18.066] [Server thread/INFO] [tombstone/]: The player Futuuuro has successfully been saved
[05Jul2025 00:06:20.062] [Server thread/INFO] [net.minecraft.server.MinecraftServer/]: Futuuuro was killed by magic
[05Jul2025 00:06:20.066] [Server thread/INFO] [tombstone/]: The player Futuuuro has successfully been saved
[05Jul2025 00:06:22.818] [Server thread/WARN] [dev.gigaherz.toolbelt.slot.BeltExtensionSlot/]: New entity has data, contents assigned.
[05Jul2025 00:06:30.463] [Server thread/INFO] [net.minecraft.server.MinecraftServer/]: Teleported Futuuuro to JOA_KINGSITO7
[05Jul2025 00:09:37.014] [Server thread/INFO] [com.teampotato.redirector.Redirector/]: Redirecting net/mehvahdjukaar/supplementaries/client/GlobeManager$Model
[05Jul2025 00:09:47.410] [Server thread/INFO] [net.minecraft.server.network.ServerGamePacketListenerImpl/]: Futuuuro lost connection: Disconnected
[05Jul2025 00:09:47.410] [Server thread/INFO] [net.minecraft.server.MinecraftServer/]: Futuuuro left the game
[05Jul2025 00:09:47.411] [Server thread/INFO] [voicechat/]: [voicechat] Disconnecting client Futuuuro
[05Jul2025 00:09:55.760] [Server thread/INFO] [net.minecraft.server.network.ServerGamePacketListenerImpl/]: JOA_KINGSITO7 lost connection: Disconnected
[05Jul2025 00:09:55.762] [Server thread/INFO] [net.minecraft.server.MinecraftServer/]: JOA_KINGSITO7 left the game
[05Jul2025 00:09:55.762] [Server thread/INFO] [voicechat/]: [voicechat] Disconnecting client JOA_KINGSITO7
[05Jul2025 00:09:55.816] [pool-13-thread-1/INFO] [com.dairymoose.modernlife.core.ModernLifeCommon/]: Stopping PendingImageUpdateThread
[05Jul2025 00:09:55.817] [pool-5-thread-1/ERROR] [com.dairymoose.modernlife.core.ModernLifeCommon/]: Interrupted during recomputeThreadpool wait
java.lang.InterruptedException: sleep interrupted
	at java.lang.Thread.sleep(Native Method) ~[?:?]
	at com.dairymoose.modernlife.core.ModernLifeCommon$2.run(ModernLifeCommon.java:695) ~[modernlife-1.20.1-1.75.jar%23311!/:1.20.1-1.75]
	at java.util.concurrent.Executors$RunnableAdapter.call(Executors.java:539) ~[?:?]
	at java.util.concurrent.FutureTask.run(FutureTask.java:264) ~[?:?]
	at java.util.concurrent.ThreadPoolExecutor.runWorker(ThreadPoolExecutor.java:1136) ~[?:?]
	at java.util.concurrent.ThreadPoolExecutor$Worker.run(ThreadPoolExecutor.java:635) ~[?:?]
	at java.lang.Thread.run(Thread.java:840) ~[?:?]
[05Jul2025 00:09:55.831] [Server thread/INFO] [net.minecraft.server.MinecraftServer/]: Stopping server
[05Jul2025 00:09:55.833] [Server thread/INFO] [net.minecraft.server.MinecraftServer/]: Saving players
[05Jul2025 00:09:55.833] [Server thread/INFO] [net.minecraft.server.MinecraftServer/]: Saving worlds
[05Jul2025 00:09:55.899] [Server thread/INFO] [net.minecraft.server.MinecraftServer/]: Saving chunks for level 'ServerLevel[world]'/minecraft:overworld
[05Jul2025 00:09:56.143] [Server thread/INFO] [net.minecraft.server.MinecraftServer/]: Saving chunks for level 'ServerLevel[world]'/minecraft:the_end
[05Jul2025 00:09:56.143] [Server thread/INFO] [net.minecraft.server.MinecraftServer/]: Saving chunks for level 'ServerLevel[world]'/minecraft:the_nether
[05Jul2025 00:09:56.187] [Server thread/INFO] [net.minecraft.server.MinecraftServer/]: ThreadedAnvilChunkStorage (world): All chunks are saved
[05Jul2025 00:09:56.188] [Server thread/INFO] [net.minecraft.server.MinecraftServer/]: ThreadedAnvilChunkStorage (DIM1): All chunks are saved
[05Jul2025 00:09:56.188] [Server thread/INFO] [net.minecraft.server.MinecraftServer/]: ThreadedAnvilChunkStorage (DIM-1): All chunks are saved
[05Jul2025 00:09:56.188] [Server thread/INFO] [net.minecraft.server.MinecraftServer/]: ThreadedAnvilChunkStorage: All dimensions are saved
[05Jul2025 00:09:56.982] [Server thread/INFO] [Framework/]: Unloading server configs...
[05Jul2025 00:09:56.983] [Server thread/INFO] [Framework/]: Sending config unload event for goblintraders-entities.toml
[05Jul2025 00:09:56.984] [Server thread/INFO] [Framework/]: Finished unloading server configs
